#! /c/Source/iverilog-install/bin/vvp
:ivl_version "12.0 (devel)" "(s20150603-1539-g2693dd32b)";
:ivl_delay_selection "TYPICAL";
:vpi_time_precision + 0;
:vpi_module "C:\Users\gabme\iverilog\lib\ivl\system.vpi";
:vpi_module "C:\Users\gabme\iverilog\lib\ivl\vhdl_sys.vpi";
:vpi_module "C:\Users\gabme\iverilog\lib\ivl\vhdl_textio.vpi";
:vpi_module "C:\Users\gabme\iverilog\lib\ivl\v2005_math.vpi";
:vpi_module "C:\Users\gabme\iverilog\lib\ivl\va_math.vpi";
S_00000205c34b60b0 .scope module, "testbench" "testbench" 2 2;
 .timescale 0 0;
v00000205c34b6470_0 .net "PC", 7 0, v00000205c3483550_0;  1 drivers
v00000205c346c440_0 .var "PC_en", 0 0;
v00000205c346c4e0_0 .var "PC_inc", 0 0;
v00000205c346c580_0 .var "PC_load", 7 0;
S_00000205c34b6240 .scope task, "display" "display" 2 34, 2 34 0, S_00000205c34b60b0;
 .timescale 0 0;
TD_testbench.display ;
    %delay 1, 0;
    %vpi_call 2 35 "$display", "%b", v00000205c34b6470_0 {0 0 0};
    %end;
S_00000205c3482d60 .scope module, "uut" "pcCounter" 2 7, 3 1 0, S_00000205c34b60b0;
 .timescale 0 0;
    .port_info 0 /INPUT 8 "PC_load";
    .port_info 1 /INPUT 1 "PC_inc";
    .port_info 2 /INPUT 1 "PC_en";
    .port_info 3 /OUTPUT 8 "PC";
v00000205c3483550_0 .var "PC", 7 0;
v00000205c3469540_0 .net "PC_en", 0 0, v00000205c346c440_0;  1 drivers
v00000205c346b720_0 .net "PC_inc", 0 0, v00000205c346c4e0_0;  1 drivers
v00000205c34b63d0_0 .net "PC_load", 7 0, v00000205c346c580_0;  1 drivers
E_00000205c34a4a10 .event anyedge, v00000205c346b720_0, v00000205c3483550_0, v00000205c34b63d0_0;
    .scope S_00000205c3482d60;
T_1 ;
    %wait E_00000205c34a4a10;
    %load/vec4 v00000205c346b720_0;
    %flag_set/vec4 8;
    %jmp/0xz  T_1.0, 8;
    %load/vec4 v00000205c3483550_0;
    %addi 1, 0, 8;
    %assign/vec4 v00000205c3483550_0, 0;
    %jmp T_1.1;
T_1.0 ;
    %load/vec4 v00000205c34b63d0_0;
    %assign/vec4 v00000205c3483550_0, 0;
T_1.1 ;
    %jmp T_1;
    .thread T_1, $push;
    .scope S_00000205c34b60b0;
T_2 ;
    %pushi/vec4 0, 0, 8;
    %store/vec4 v00000205c346c580_0, 0, 8;
    %pushi/vec4 1, 0, 1;
    %store/vec4 v00000205c346c440_0, 0, 1;
    %pushi/vec4 0, 0, 1;
    %store/vec4 v00000205c346c4e0_0, 0, 1;
    %delay 20, 0;
    %fork TD_testbench.display, S_00000205c34b6240;
    %join;
    %pushi/vec4 1, 0, 1;
    %store/vec4 v00000205c346c4e0_0, 0, 1;
    %delay 20, 0;
    %fork TD_testbench.display, S_00000205c34b6240;
    %join;
    %pushi/vec4 1, 0, 1;
    %store/vec4 v00000205c346c4e0_0, 0, 1;
    %delay 20, 0;
    %fork TD_testbench.display, S_00000205c34b6240;
    %join;
    %pushi/vec4 1, 0, 1;
    %store/vec4 v00000205c346c4e0_0, 0, 1;
    %delay 20, 0;
    %fork TD_testbench.display, S_00000205c34b6240;
    %join;
    %pushi/vec4 217, 0, 8;
    %store/vec4 v00000205c346c580_0, 0, 8;
    %pushi/vec4 1, 0, 1;
    %store/vec4 v00000205c346c440_0, 0, 1;
    %pushi/vec4 0, 0, 1;
    %store/vec4 v00000205c346c4e0_0, 0, 1;
    %delay 20, 0;
    %fork TD_testbench.display, S_00000205c34b6240;
    %join;
    %pushi/vec4 1, 0, 1;
    %store/vec4 v00000205c346c4e0_0, 0, 1;
    %delay 20, 0;
    %fork TD_testbench.display, S_00000205c34b6240;
    %join;
    %end;
    .thread T_2;
# The file index is used to find the file name in the following table.
:file_names 4;
    "N/A";
    "<interactive>";
    "pcCountertbs.v";
    "./pcCounter.v";
